# JRE version: OpenJDK Runtime Environment Temurin-23.0.1+11 (23.0.1+11) (build 23.0.1+11)
# Java VM: OpenJDK 64-Bit Server VM Temurin-23.0.1+11 (23.0.1+11, mixed mode, emulated-client, sharing, tiered, compressed oops, compressed class ptrs, g1 gc, windows-amd64)
GC Precious Log:
 CardTable entry size: 512
 Card Set container configuration: InlinePtr #cards 5 size 8 Array Of Cards #cards 10 size 36 Howl #buckets 4 coarsen threshold 1843 Howl Bitmap #cards 512 size 80 coarsen threshold 460 Card regions per heap region 1 cards per card region 2048
 CPUs: 8 total, 8 available
 Memory: 8014M
 Large Page Support: Disabled
 NUMA Support: Disabled
 Compressed Oops: Enabled (32-bit)
 Heap Region Size: 1M
 Heap Min Capacity: 8M
 Heap Initial Capacity: 126M
 Heap Max Capacity: 2004M
 Pre-touch: Disabled
 Parallel Workers: 8
 Concurrent Workers: 2
 Concurrent Refinement Workers: 8
 Periodic GC: Disabled
Heap:
 garbage-first heap   total reserved 2052096K, committed 151552K, used 84095K [0x0000000082c00000, 0x0000000100000000)
  region size 1024K, 21 young (21504K), 8 survivors (8192K)
 Metaspace       used 92337K, committed 93504K, reserved 1179648K
  class space    used 13535K, committed 14016K, reserved 1048576K
GC Heap History (20 events):
Event: 16.584 GC heap before
{Heap before GC invocations=33 (full 0):
 garbage-first heap   total reserved 2052096K, committed 125952K, used 113278K [0x0000000082c00000, 0x0000000100000000)
  region size 1024K, 63 young (64512K), 5 survivors (5120K)
 Metaspace       used 79723K, committed 80576K, reserved 1179648K
  class space    used 11566K, committed 11904K, reserved 1048576K
}
Event: 16.590 GC heap after
{Heap after GC invocations=34 (full 0):
 garbage-first heap   total reserved 2052096K, committed 125952K, used 56068K [0x0000000082c00000, 0x0000000100000000)
  region size 1024K, 5 young (5120K), 5 survivors (5120K)
 Metaspace       used 79723K, committed 80576K, reserved 1179648K
  class space    used 11566K, committed 11904K, reserved 1048576K
}
Event: 17.138 GC heap before
{Heap before GC invocations=35 (full 0):
 garbage-first heap   total reserved 2052096K, committed 125952K, used 112388K [0x0000000082c00000, 0x0000000100000000)
  region size 1024K, 60 young (61440K), 5 survivors (5120K)
 Metaspace       used 80357K, committed 81216K, reserved 1179648K
  class space    used 11676K, committed 12032K, reserved 1048576K
}
Event: 17.145 GC heap after
{Heap after GC invocations=36 (full 0):
 garbage-first heap   total reserved 2052096K, committed 125952K, used 57947K [0x0000000082c00000, 0x0000000100000000)
  region size 1024K, 5 young (5120K), 5 survivors (5120K)
 Metaspace       used 80357K, committed 81216K, reserved 1179648K
  class space    used 11676K, committed 12032K, reserved 1048576K
}
Event: 17.687 GC heap before
{Heap before GC invocations=36 (full 0):
 garbage-first heap   total reserved 2052096K, committed 125952K, used 112219K [0x0000000082c00000, 0x0000000100000000)
  region size 1024K, 58 young (59392K), 5 survivors (5120K)
 Metaspace       used 81181K, committed 82048K, reserved 1179648K
  class space    used 11805K, committed 12160K, reserved 1048576K
}
Event: 17.696 GC heap after
{Heap after GC invocations=37 (full 0):
 garbage-first heap   total reserved 2052096K, committed 125952K, used 59438K [0x0000000082c00000, 0x0000000100000000)
  region size 1024K, 5 young (5120K), 5 survivors (5120K)
 Metaspace       used 81181K, committed 82048K, reserved 1179648K
  class space    used 11805K, committed 12160K, reserved 1048576K
}
Event: 18.319 GC heap before
{Heap before GC invocations=37 (full 0):
 garbage-first heap   total reserved 2052096K, committed 125952K, used 112686K [0x0000000082c00000, 0x0000000100000000)
  region size 1024K, 57 young (58368K), 5 survivors (5120K)
 Metaspace       used 82174K, committed 83008K, reserved 1179648K
  class space    used 11948K, committed 12288K, reserved 1048576K
}
Event: 18.329 GC heap after
{Heap after GC invocations=38 (full 0):
 garbage-first heap   total reserved 2052096K, committed 151552K, used 61709K [0x0000000082c00000, 0x0000000100000000)
  region size 1024K, 5 young (5120K), 5 survivors (5120K)
 Metaspace       used 82174K, committed 83008K, reserved 1179648K
  class space    used 11948K, committed 12288K, reserved 1048576K
}
Event: 19.217 GC heap before
{Heap before GC invocations=39 (full 0):
 garbage-first heap   total reserved 2052096K, committed 151552K, used 137485K [0x0000000082c00000, 0x0000000100000000)
  region size 1024K, 79 young (80896K), 5 survivors (5120K)
 Metaspace       used 82871K, committed 83712K, reserved 1179648K
  class space    used 12062K, committed 12416K, reserved 1048576K
}
Event: 19.225 GC heap after
{Heap after GC invocations=40 (full 0):
 garbage-first heap   total reserved 2052096K, committed 151552K, used 64185K [0x0000000082c00000, 0x0000000100000000)
  region size 1024K, 7 young (7168K), 7 survivors (7168K)
 Metaspace       used 82871K, committed 83712K, reserved 1179648K
  class space    used 12062K, committed 12416K, reserved 1048576K
}
Event: 19.978 GC heap before
{Heap before GC invocations=40 (full 0):
 garbage-first heap   total reserved 2052096K, committed 151552K, used 135865K [0x0000000082c00000, 0x0000000100000000)
  region size 1024K, 77 young (78848K), 7 survivors (7168K)
 Metaspace       used 83536K, committed 84480K, reserved 1179648K
  class space    used 12190K, committed 12608K, reserved 1048576K
}
Event: 19.988 GC heap after
{Heap after GC invocations=41 (full 0):
 garbage-first heap   total reserved 2052096K, committed 151552K, used 65369K [0x0000000082c00000, 0x0000000100000000)
  region size 1024K, 7 young (7168K), 7 survivors (7168K)
 Metaspace       used 83536K, committed 84480K, reserved 1179648K
  class space    used 12190K, committed 12608K, reserved 1048576K
}
Event: 20.438 GC heap before
{Heap before GC invocations=41 (full 0):
 garbage-first heap   total reserved 2052096K, committed 151552K, used 99161K [0x0000000082c00000, 0x0000000100000000)
  region size 1024K, 41 young (41984K), 7 survivors (7168K)
 Metaspace       used 83819K, committed 84800K, reserved 1179648K
  class space    used 12238K, committed 12672K, reserved 1048576K
}
Event: 20.447 GC heap after
{Heap after GC invocations=42 (full 0):
 garbage-first heap   total reserved 2052096K, committed 151552K, used 66162K [0x0000000082c00000, 0x0000000100000000)
  region size 1024K, 6 young (6144K), 6 survivors (6144K)
 Metaspace       used 83819K, committed 84800K, reserved 1179648K
  class space    used 12238K, committed 12672K, reserved 1048576K
}
Event: 21.352 GC heap before
{Heap before GC invocations=43 (full 0):
 garbage-first heap   total reserved 2052096K, committed 151552K, used 136818K [0x0000000082c00000, 0x0000000100000000)
  region size 1024K, 74 young (75776K), 6 survivors (6144K)
 Metaspace       used 84961K, committed 85952K, reserved 1179648K
  class space    used 12417K, committed 12864K, reserved 1048576K
}
Event: 21.361 GC heap after
{Heap after GC invocations=44 (full 0):
 garbage-first heap   total reserved 2052096K, committed 151552K, used 69847K [0x0000000082c00000, 0x0000000100000000)
  region size 1024K, 8 young (8192K), 8 survivors (8192K)
 Metaspace       used 84961K, committed 85952K, reserved 1179648K
  class space    used 12417K, committed 12864K, reserved 1048576K
}
Event: 22.228 GC heap before
{Heap before GC invocations=44 (full 0):
 garbage-first heap   total reserved 2052096K, committed 151552K, used 133335K [0x0000000082c00000, 0x0000000100000000)
  region size 1024K, 71 young (72704K), 8 survivors (8192K)
 Metaspace       used 88173K, committed 89152K, reserved 1179648K
  class space    used 12888K, committed 13312K, reserved 1048576K
}
Event: 22.241 GC heap after
{Heap after GC invocations=45 (full 0):
 garbage-first heap   total reserved 2052096K, committed 151552K, used 68750K [0x0000000082c00000, 0x0000000100000000)
  region size 1024K, 6 young (6144K), 6 survivors (6144K)
 Metaspace       used 88173K, committed 89152K, reserved 1179648K
  class space    used 12888K, committed 13312K, reserved 1048576K
}
Event: 35.455 GC heap before
{Heap before GC invocations=45 (full 0):
 garbage-first heap   total reserved 2052096K, committed 151552K, used 136334K [0x0000000082c00000, 0x0000000100000000)
  region size 1024K, 72 young (73728K), 6 survivors (6144K)
 Metaspace       used 91993K, committed 93056K, reserved 1179648K
  class space    used 13471K, committed 13952K, reserved 1048576K
}
Event: 35.466 GC heap after
{Heap after GC invocations=46 (full 0):
 garbage-first heap   total reserved 2052096K, committed 151552K, used 71807K [0x0000000082c00000, 0x0000000100000000)
  region size 1024K, 8 young (8192K), 8 survivors (8192K)
 Metaspace       used 91993K, committed 93056K, reserved 1179648K
  class space    used 13471K, committed 13952K, reserved 1048576K
}

