# JRE version: OpenJDK Runtime Environment Temurin-23.0.1+11 (23.0.1+11) (build 23.0.1+11)
# Java VM: OpenJDK 64-Bit Server VM Temurin-23.0.1+11 (23.0.1+11, mixed mode, emulated-client, sharing, tiered, compressed oops, compressed class ptrs, g1 gc, windows-amd64)
GC Precious Log:
 CardTable entry size: 512
 Card Set container configuration: InlinePtr #cards 5 size 8 Array Of Cards #cards 10 size 36 Howl #buckets 4 coarsen threshold 1843 Howl Bitmap #cards 512 size 80 coarsen threshold 460 Card regions per heap region 1 cards per card region 2048
 CPUs: 8 total, 8 available
 Memory: 8014M
 Large Page Support: Disabled
 NUMA Support: Disabled
 Compressed Oops: Enabled (32-bit)
 Heap Region Size: 1M
 Heap Min Capacity: 8M
 Heap Initial Capacity: 126M
 Heap Max Capacity: 2004M
 Pre-touch: Disabled
 Parallel Workers: 8
 Concurrent Workers: 2
 Concurrent Refinement Workers: 8
 Periodic GC: Disabled
Heap:
 garbage-first heap   total reserved 2052096K, committed 181248K, used 133543K [0x0000000082c00000, 0x0000000100000000)
  region size 1024K, 60 young (61440K), 6 survivors (6144K)
 Metaspace       used 93359K, committed 94336K, reserved 1179648K
  class space    used 13619K, committed 14080K, reserved 1048576K
GC Heap History (20 events):
Event: 332.427 GC heap before
{Heap before GC invocations=68 (full 1):
 garbage-first heap   total reserved 2052096K, committed 181248K, used 160605K [0x0000000082c00000, 0x0000000100000000)
  region size 1024K, 91 young (93184K), 9 survivors (9216K)
 Metaspace       used 92726K, committed 93888K, reserved 1179648K
  class space    used 13539K, committed 14080K, reserved 1048576K
}
Event: 332.438 GC heap after
{Heap after GC invocations=69 (full 1):
 garbage-first heap   total reserved 2052096K, committed 181248K, used 78647K [0x0000000082c00000, 0x0000000100000000)
  region size 1024K, 8 young (8192K), 8 survivors (8192K)
 Metaspace       used 92726K, committed 93888K, reserved 1179648K
  class space    used 13539K, committed 14080K, reserved 1048576K
}
Event: 336.741 GC heap before
{Heap before GC invocations=70 (full 1):
 garbage-first heap   total reserved 2052096K, committed 181248K, used 124727K [0x0000000082c00000, 0x0000000100000000)
  region size 1024K, 54 young (55296K), 8 survivors (8192K)
 Metaspace       used 92838K, committed 93888K, reserved 1179648K
  class space    used 13567K, committed 14080K, reserved 1048576K
}
Event: 336.818 GC heap after
{Heap after GC invocations=71 (full 2):
 garbage-first heap   total reserved 2052096K, committed 181248K, used 55835K [0x0000000082c00000, 0x0000000100000000)
  region size 1024K, 0 young (0K), 0 survivors (0K)
 Metaspace       used 92838K, committed 93888K, reserved 1179648K
  class space    used 13567K, committed 14080K, reserved 1048576K
}
Event: 339.620 GC heap before
{Heap before GC invocations=71 (full 2):
 garbage-first heap   total reserved 2052096K, committed 181248K, used 153115K [0x0000000082c00000, 0x0000000100000000)
  region size 1024K, 96 young (98304K), 0 survivors (0K)
 Metaspace       used 92919K, committed 93952K, reserved 1179648K
  class space    used 13584K, committed 14080K, reserved 1048576K
}
Event: 339.626 GC heap after
{Heap after GC invocations=72 (full 2):
 garbage-first heap   total reserved 2052096K, committed 181248K, used 62707K [0x0000000082c00000, 0x0000000100000000)
  region size 1024K, 7 young (7168K), 7 survivors (7168K)
 Metaspace       used 92919K, committed 93952K, reserved 1179648K
  class space    used 13584K, committed 14080K, reserved 1048576K
}
Event: 340.310 GC heap before
{Heap before GC invocations=73 (full 2):
 garbage-first heap   total reserved 2052096K, committed 181248K, used 156915K [0x0000000082c00000, 0x0000000100000000)
  region size 1024K, 98 young (100352K), 7 survivors (7168K)
 Metaspace       used 93004K, committed 94016K, reserved 1179648K
  class space    used 13589K, committed 14080K, reserved 1048576K
}
Event: 340.318 GC heap after
{Heap after GC invocations=74 (full 2):
 garbage-first heap   total reserved 2052096K, committed 181248K, used 65051K [0x0000000082c00000, 0x0000000100000000)
  region size 1024K, 9 young (9216K), 9 survivors (9216K)
 Metaspace       used 93004K, committed 94016K, reserved 1179648K
  class space    used 13589K, committed 14080K, reserved 1048576K
}
Event: 341.365 GC heap before
{Heap before GC invocations=74 (full 2):
 garbage-first heap   total reserved 2052096K, committed 181248K, used 158235K [0x0000000082c00000, 0x0000000100000000)
  region size 1024K, 100 young (102400K), 9 survivors (9216K)
 Metaspace       used 93253K, committed 94272K, reserved 1179648K
  class space    used 13610K, committed 14080K, reserved 1048576K
}
Event: 341.375 GC heap after
{Heap after GC invocations=75 (full 2):
 garbage-first heap   total reserved 2052096K, committed 181248K, used 68327K [0x0000000082c00000, 0x0000000100000000)
  region size 1024K, 7 young (7168K), 7 survivors (7168K)
 Metaspace       used 93253K, committed 94272K, reserved 1179648K
  class space    used 13610K, committed 14080K, reserved 1048576K
}
Event: 342.254 GC heap before
{Heap before GC invocations=75 (full 2):
 garbage-first heap   total reserved 2052096K, committed 181248K, used 160487K [0x0000000082c00000, 0x0000000100000000)
  region size 1024K, 97 young (99328K), 7 survivors (7168K)
 Metaspace       used 93253K, committed 94272K, reserved 1179648K
  class space    used 13610K, committed 14080K, reserved 1048576K
}
Event: 342.265 GC heap after
{Heap after GC invocations=76 (full 2):
 garbage-first heap   total reserved 2052096K, committed 181248K, used 70711K [0x0000000082c00000, 0x0000000100000000)
  region size 1024K, 9 young (9216K), 9 survivors (9216K)
 Metaspace       used 93253K, committed 94272K, reserved 1179648K
  class space    used 13610K, committed 14080K, reserved 1048576K
}
Event: 343.165 GC heap before
{Heap before GC invocations=77 (full 2):
 garbage-first heap   total reserved 2052096K, committed 181248K, used 158775K [0x0000000082c00000, 0x0000000100000000)
  region size 1024K, 95 young (97280K), 9 survivors (9216K)
 Metaspace       used 93317K, committed 94336K, reserved 1179648K
  class space    used 13616K, committed 14080K, reserved 1048576K
}
Event: 343.173 GC heap after
{Heap after GC invocations=78 (full 2):
 garbage-first heap   total reserved 2052096K, committed 181248K, used 73350K [0x0000000082c00000, 0x0000000100000000)
  region size 1024K, 6 young (6144K), 6 survivors (6144K)
 Metaspace       used 93317K, committed 94336K, reserved 1179648K
  class space    used 13616K, committed 14080K, reserved 1048576K
}
Event: 343.920 GC heap before
{Heap before GC invocations=78 (full 2):
 garbage-first heap   total reserved 2052096K, committed 181248K, used 161414K [0x0000000082c00000, 0x0000000100000000)
  region size 1024K, 92 young (94208K), 6 survivors (6144K)
 Metaspace       used 93317K, committed 94336K, reserved 1179648K
  class space    used 13616K, committed 14080K, reserved 1048576K
}
Event: 343.929 GC heap after
{Heap after GC invocations=79 (full 2):
 garbage-first heap   total reserved 2052096K, committed 181248K, used 75710K [0x0000000082c00000, 0x0000000100000000)
  region size 1024K, 8 young (8192K), 8 survivors (8192K)
 Metaspace       used 93317K, committed 94336K, reserved 1179648K
  class space    used 13616K, committed 14080K, reserved 1048576K
}
Event: 344.614 GC heap before
{Heap before GC invocations=79 (full 2):
 garbage-first heap   total reserved 2052096K, committed 181248K, used 159678K [0x0000000082c00000, 0x0000000100000000)
  region size 1024K, 90 young (92160K), 8 survivors (8192K)
 Metaspace       used 93319K, committed 94336K, reserved 1179648K
  class space    used 13617K, committed 14080K, reserved 1048576K
}
Event: 344.621 GC heap after
{Heap after GC invocations=80 (full 2):
 garbage-first heap   total reserved 2052096K, committed 181248K, used 77716K [0x0000000082c00000, 0x0000000100000000)
  region size 1024K, 8 young (8192K), 8 survivors (8192K)
 Metaspace       used 93319K, committed 94336K, reserved 1179648K
  class space    used 13617K, committed 14080K, reserved 1048576K
}
Event: 345.357 GC heap before
{Heap before GC invocations=81 (full 2):
 garbage-first heap   total reserved 2052096K, committed 181248K, used 159636K [0x0000000082c00000, 0x0000000100000000)
  region size 1024K, 88 young (90112K), 8 survivors (8192K)
 Metaspace       used 93319K, committed 94336K, reserved 1179648K
  class space    used 13617K, committed 14080K, reserved 1048576K
}
Event: 345.366 GC heap after
{Heap after GC invocations=82 (full 2):
 garbage-first heap   total reserved 2052096K, committed 181248K, used 79271K [0x0000000082c00000, 0x0000000100000000)
  region size 1024K, 6 young (6144K), 6 survivors (6144K)
 Metaspace       used 93319K, committed 94336K, reserved 1179648K
  class space    used 13617K, committed 14080K, reserved 1048576K
}

